{"/home/travis/build/npmtest/node-npmtest-sails-rest/test.js":{"path":"/home/travis/build/npmtest/node-npmtest-sails-rest/test.js","s":{"1":2,"2":2,"3":2,"4":2,"5":2,"6":2,"7":2,"8":1,"9":2,"10":2,"11":1,"12":1,"13":1,"14":1,"15":2,"16":2,"17":2,"18":2,"19":1,"20":1,"21":2,"22":2,"23":2,"24":1,"25":1,"26":1,"27":1,"28":1,"29":1,"30":1,"31":1,"32":1,"33":1,"34":1,"35":1,"36":1,"37":1,"38":1,"39":2,"40":2,"41":1,"42":2,"43":2,"44":1,"45":2,"46":2,"47":1,"48":2,"49":2,"50":1,"51":1,"52":1,"53":1,"54":1},"b":{"1":[2,1,1,1],"2":[1,1,1,1],"3":[1,1],"4":[1,1],"5":[1,1],"6":[1,1],"7":[1,1],"8":[1,1],"9":[1,1],"10":[1,1,1],"11":[1,1],"12":[1,1],"13":[1,1],"14":[1,1],"15":[1,1],"16":[1,1],"17":[1,1]},"f":{"1":2,"2":2,"3":2,"4":2,"5":2,"6":1,"7":1,"8":1,"9":2,"10":2,"11":2,"12":2,"13":1},"fnMap":{"1":{"name":"(anonymous_1)","line":12,"loc":{"start":{"line":12,"column":1},"end":{"line":12,"column":13}}},"2":{"name":"(anonymous_2)","line":19,"loc":{"start":{"line":19,"column":5},"end":{"line":19,"column":17}}},"3":{"name":"(anonymous_3)","line":23,"loc":{"start":{"line":23,"column":24},"end":{"line":23,"column":36}}},"4":{"name":"(anonymous_4)","line":61,"loc":{"start":{"line":61,"column":5},"end":{"line":61,"column":17}}},"5":{"name":"(anonymous_5)","line":82,"loc":{"start":{"line":82,"column":5},"end":{"line":82,"column":17}}},"6":{"name":"(anonymous_6)","line":91,"loc":{"start":{"line":91,"column":77},"end":{"line":94,"column":10}}},"7":{"name":"(anonymous_7)","line":112,"loc":{"start":{"line":112,"column":83},"end":{"line":115,"column":10}},"skip":true},"8":{"name":"(anonymous_8)","line":123,"loc":{"start":{"line":123,"column":77},"end":{"line":126,"column":10}},"skip":true},"9":{"name":"(anonymous_9)","line":139,"loc":{"start":{"line":139,"column":12},"end":{"line":139,"column":40}},"skip":true},"10":{"name":"(anonymous_10)","line":147,"loc":{"start":{"line":147,"column":77},"end":{"line":150,"column":10}},"skip":true},"11":{"name":"(anonymous_11)","line":158,"loc":{"start":{"line":158,"column":83},"end":{"line":161,"column":10}},"skip":true},"12":{"name":"(anonymous_12)","line":169,"loc":{"start":{"line":169,"column":79},"end":{"line":172,"column":10}},"skip":true},"13":{"name":"(anonymous_13)","line":180,"loc":{"start":{"line":180,"column":75},"end":{"line":183,"column":10}},"skip":true}},"statementMap":{"1":{"start":{"line":12,"column":0},"end":{"line":195,"column":5}},"2":{"start":{"line":14,"column":4},"end":{"line":14,"column":14}},"3":{"start":{"line":19,"column":4},"end":{"line":56,"column":9}},"4":{"start":{"line":21,"column":8},"end":{"line":21,"column":19}},"5":{"start":{"line":23,"column":8},"end":{"line":35,"column":13}},"6":{"start":{"line":24,"column":12},"end":{"line":34,"column":13}},"7":{"start":{"line":25,"column":16},"end":{"line":28,"column":30}},"8":{"start":{"line":30,"column":16},"end":{"line":33,"column":27}},"9":{"start":{"line":37,"column":8},"end":{"line":39,"column":21}},"10":{"start":{"line":40,"column":8},"end":{"line":53,"column":9}},"11":{"start":{"line":43,"column":12},"end":{"line":46,"column":14}},"12":{"start":{"line":47,"column":12},"end":{"line":47,"column":18}},"13":{"start":{"line":50,"column":12},"end":{"line":51,"column":33}},"14":{"start":{"line":52,"column":12},"end":{"line":52,"column":18}},"15":{"start":{"line":55,"column":8},"end":{"line":55,"column":35}},"16":{"start":{"line":61,"column":4},"end":{"line":63,"column":9}},"17":{"start":{"line":62,"column":8},"end":{"line":62,"column":15}},"18":{"start":{"line":64,"column":4},"end":{"line":77,"column":5}},"19":{"start":{"line":70,"column":8},"end":{"line":70,"column":14}},"20":{"start":{"line":76,"column":8},"end":{"line":76,"column":14}},"21":{"start":{"line":82,"column":4},"end":{"line":84,"column":9}},"22":{"start":{"line":83,"column":8},"end":{"line":83,"column":15}},"23":{"start":{"line":85,"column":4},"end":{"line":194,"column":5}},"24":{"start":{"line":91,"column":8},"end":{"line":99,"column":10}},"25":{"start":{"line":98,"column":12},"end":{"line":98,"column":35}},"26":{"start":{"line":102,"column":8},"end":{"line":104,"column":63}},"27":{"start":{"line":105,"column":8},"end":{"line":105,"column":14}},"28":{"start":{"line":112,"column":8},"end":{"line":121,"column":10},"skip":true},"29":{"start":{"line":119,"column":12},"end":{"line":119,"column":55},"skip":true},"30":{"start":{"line":120,"column":12},"end":{"line":120,"column":48},"skip":true},"31":{"start":{"line":123,"column":8},"end":{"line":136,"column":10},"skip":true},"32":{"start":{"line":130,"column":12},"end":{"line":130,"column":76},"skip":true},"33":{"start":{"line":131,"column":12},"end":{"line":131,"column":73},"skip":true},"34":{"start":{"line":132,"column":12},"end":{"line":132,"column":74},"skip":true},"35":{"start":{"line":133,"column":12},"end":{"line":133,"column":79},"skip":true},"36":{"start":{"line":134,"column":12},"end":{"line":134,"column":25},"skip":true},"37":{"start":{"line":135,"column":12},"end":{"line":135,"column":45},"skip":true},"38":{"start":{"line":138,"column":8},"end":{"line":145,"column":14},"skip":true},"39":{"start":{"line":143,"column":16},"end":{"line":143,"column":29},"skip":true},"40":{"start":{"line":144,"column":16},"end":{"line":144,"column":55},"skip":true},"41":{"start":{"line":147,"column":8},"end":{"line":156,"column":10},"skip":true},"42":{"start":{"line":154,"column":12},"end":{"line":154,"column":25},"skip":true},"43":{"start":{"line":155,"column":12},"end":{"line":155,"column":45},"skip":true},"44":{"start":{"line":158,"column":8},"end":{"line":167,"column":10},"skip":true},"45":{"start":{"line":165,"column":12},"end":{"line":165,"column":25},"skip":true},"46":{"start":{"line":166,"column":12},"end":{"line":166,"column":48},"skip":true},"47":{"start":{"line":169,"column":8},"end":{"line":178,"column":10},"skip":true},"48":{"start":{"line":176,"column":12},"end":{"line":176,"column":25},"skip":true},"49":{"start":{"line":177,"column":12},"end":{"line":177,"column":46},"skip":true},"50":{"start":{"line":180,"column":8},"end":{"line":189,"column":10},"skip":true},"51":{"start":{"line":187,"column":12},"end":{"line":187,"column":94},"skip":true},"52":{"start":{"line":188,"column":12},"end":{"line":188,"column":48},"skip":true},"53":{"start":{"line":192,"column":8},"end":{"line":192,"column":35},"skip":true},"54":{"start":{"line":193,"column":8},"end":{"line":193,"column":14},"skip":true}},"branchMap":{"1":{"line":25,"type":"binary-expr","locations":[{"start":{"line":25,"column":23},"end":{"line":25,"column":62}},{"start":{"line":26,"column":20},"end":{"line":26,"column":70}},{"start":{"line":27,"column":20},"end":{"line":27,"column":71}},{"start":{"line":28,"column":20},"end":{"line":28,"column":29}}]},"2":{"line":30,"type":"binary-expr","locations":[{"start":{"line":30,"column":23},"end":{"line":30,"column":37}},{"start":{"line":31,"column":20},"end":{"line":31,"column":61}},{"start":{"line":32,"column":20},"end":{"line":32,"column":70}},{"start":{"line":33,"column":20},"end":{"line":33,"column":26}}]},"3":{"line":37,"type":"cond-expr","locations":[{"start":{"line":38,"column":14},"end":{"line":38,"column":20}},{"start":{"line":39,"column":14},"end":{"line":39,"column":20}}]},"4":{"line":40,"type":"switch","locations":[{"start":{"line":42,"column":8},"end":{"line":47,"column":18}},{"start":{"line":49,"column":8},"end":{"line":52,"column":18}}]},"5":{"line":44,"type":"binary-expr","locations":[{"start":{"line":44,"column":16},"end":{"line":44,"column":44}},{"start":{"line":44,"column":48},"end":{"line":44,"column":66}}]},"6":{"line":50,"type":"binary-expr","locations":[{"start":{"line":50,"column":21},"end":{"line":50,"column":49}},{"start":{"line":50,"column":53},"end":{"line":50,"column":72}}]},"7":{"line":64,"type":"switch","locations":[{"start":{"line":69,"column":4},"end":{"line":70,"column":14}},{"start":{"line":75,"column":4},"end":{"line":76,"column":14}}]},"8":{"line":85,"type":"switch","locations":[{"start":{"line":90,"column":4},"end":{"line":105,"column":14}},{"start":{"line":111,"column":4},"end":{"line":193,"column":14},"skip":true}]},"9":{"line":91,"type":"binary-expr","locations":[{"start":{"line":91,"column":42},"end":{"line":91,"column":73}},{"start":{"line":91,"column":77},"end":{"line":99,"column":9}}]},"10":{"line":102,"type":"binary-expr","locations":[{"start":{"line":102,"column":18},"end":{"line":102,"column":32}},{"start":{"line":103,"column":12},"end":{"line":103,"column":53}},{"start":{"line":104,"column":12},"end":{"line":104,"column":61}}]},"11":{"line":112,"type":"binary-expr","locations":[{"start":{"line":112,"column":45},"end":{"line":112,"column":79},"skip":true},{"start":{"line":112,"column":83},"end":{"line":121,"column":9},"skip":true}]},"12":{"line":123,"type":"binary-expr","locations":[{"start":{"line":123,"column":42},"end":{"line":123,"column":73},"skip":true},{"start":{"line":123,"column":77},"end":{"line":136,"column":9},"skip":true}]},"13":{"line":138,"type":"binary-expr","locations":[{"start":{"line":138,"column":48},"end":{"line":138,"column":85},"skip":true},{"start":{"line":139,"column":12},"end":{"line":145,"column":13},"skip":true}]},"14":{"line":147,"type":"binary-expr","locations":[{"start":{"line":147,"column":42},"end":{"line":147,"column":73},"skip":true},{"start":{"line":147,"column":77},"end":{"line":156,"column":9},"skip":true}]},"15":{"line":158,"type":"binary-expr","locations":[{"start":{"line":158,"column":45},"end":{"line":158,"column":79},"skip":true},{"start":{"line":158,"column":83},"end":{"line":167,"column":9},"skip":true}]},"16":{"line":169,"type":"binary-expr","locations":[{"start":{"line":169,"column":43},"end":{"line":169,"column":75},"skip":true},{"start":{"line":169,"column":79},"end":{"line":178,"column":9},"skip":true}]},"17":{"line":180,"type":"binary-expr","locations":[{"start":{"line":180,"column":41},"end":{"line":180,"column":71},"skip":true},{"start":{"line":180,"column":75},"end":{"line":189,"column":9},"skip":true}]}},"code":["/* istanbul instrument in package npmtest_sails_rest */","/*jslint","    bitwise: true,","    browser: true,","    maxerr: 8,","    maxlen: 96,","    node: true,","    nomen: true,","    regexp: true,","    stupid: true","*/","(function () {","    'use strict';","    var local;","","","","    // run shared js-env code - pre-init","    (function () {","        // init local","        local = {};","        // init modeJs","        local.modeJs = (function () {","            try {","                return typeof navigator.userAgent === 'string' &&","                    typeof document.querySelector('body') === 'object' &&","                    typeof XMLHttpRequest.prototype.open === 'function' &&","                    'browser';","            } catch (errorCaughtBrowser) {","                return module.exports &&","                    typeof process.versions.node === 'string' &&","                    typeof require('http').createServer === 'function' &&","                    'node';","            }","        }());","        // init global","        local.global = local.modeJs === 'browser'","            ? window","            : global;","        switch (local.modeJs) {","        // re-init local from window.local","        case 'browser':","            local = local.global.utility2.objectSetDefault(","                local.global.utility2_rollup || local.global.local,","                local.global.utility2","            );","            break;","        // re-init local from example.js","        case 'node':","            local = (local.global.utility2_rollup || require('utility2'))","                .requireReadme();","            break;","        }","        // export local","        local.global.local = local;","    }());","","","","    // run shared js-env code - function","    (function () {","        return;","    }());","    switch (local.modeJs) {","","","","    // run browser js-env code - function","    case 'browser':","        break;","","","","    // run node js-env code - function","    case 'node':","        break;","    }","","","","    // run shared js-env code - post-init","    (function () {","        return;","    }());","    switch (local.modeJs) {","","","","    // run browser js-env code - post-init","    case 'browser':","        local.testCase_browser_nullCase = local.testCase_browser_nullCase || function (","            options,","            onError","        ) {","        /*","         * this function will test browsers's null-case handling-behavior-behavior","         */","            onError(null, options);","        };","","        // run tests","        local.nop(local.modeTest &&","            document.querySelector('#testRunButton1') &&","            document.querySelector('#testRunButton1').click());","        break;","","","","    // run node js-env code - post-init","    /* istanbul ignore next */","    case 'node':","        local.testCase_buildApidoc_default = local.testCase_buildApidoc_default || function (","            options,","            onError","        ) {","        /*","         * this function will test buildApidoc's default handling-behavior-behavior","         */","            options = { modulePathList: module.paths };","            local.buildApidoc(options, onError);","        };","","        local.testCase_buildApp_default = local.testCase_buildApp_default || function (","            options,","            onError","        ) {","        /*","         * this function will test buildApp's default handling-behavior-behavior","         */","            local.testCase_buildReadme_default(options, local.onErrorThrow);","            local.testCase_buildLib_default(options, local.onErrorThrow);","            local.testCase_buildTest_default(options, local.onErrorThrow);","            local.testCase_buildCustomOrg_default(options, local.onErrorThrow);","            options = [];","            local.buildApp(options, onError);","        };","","        local.testCase_buildCustomOrg_default = local.testCase_buildCustomOrg_default ||","            function (options, onError) {","            /*","             * this function will test buildCustomOrg's default handling-behavior","             */","                options = {};","                local.buildCustomOrg(options, onError);","            };","","        local.testCase_buildLib_default = local.testCase_buildLib_default || function (","            options,","            onError","        ) {","        /*","         * this function will test buildLib's default handling-behavior","         */","            options = {};","            local.buildLib(options, onError);","        };","","        local.testCase_buildReadme_default = local.testCase_buildReadme_default || function (","            options,","            onError","        ) {","        /*","         * this function will test buildReadme's default handling-behavior-behavior","         */","            options = {};","            local.buildReadme(options, onError);","        };","","        local.testCase_buildTest_default = local.testCase_buildTest_default || function (","            options,","            onError","        ) {","        /*","         * this function will test buildTest's default handling-behavior","         */","            options = {};","            local.buildTest(options, onError);","        };","","        local.testCase_webpage_default = local.testCase_webpage_default || function (","            options,","            onError","        ) {","        /*","         * this function will test webpage's default handling-behavior","         */","            options = { modeCoverageMerge: true, url: local.serverLocalHost + '?modeTest=1' };","            local.browserTest(options, onError);","        };","","        // run test-server","        local.testRunServer(local);","        break;","    }","}());",""],"l":{"12":2,"14":2,"19":2,"21":2,"23":2,"24":2,"25":2,"30":1,"37":2,"40":2,"43":1,"47":1,"50":1,"52":1,"55":2,"61":2,"62":2,"64":2,"70":1,"76":1,"82":2,"83":2,"85":2,"91":1,"98":1,"102":1,"105":1,"112":1,"119":1,"120":1,"123":1,"130":1,"131":1,"132":1,"133":1,"134":1,"135":1,"138":1,"143":2,"144":2,"147":1,"154":2,"155":2,"158":1,"165":2,"166":2,"169":1,"176":2,"177":2,"180":1,"187":1,"188":1,"192":1,"193":1}},"/home/travis/build/npmtest/node-npmtest-sails-rest/lib.npmtest_sails_rest.js":{"path":"/home/travis/build/npmtest/node-npmtest-sails-rest/lib.npmtest_sails_rest.js","s":{"1":2,"2":2,"3":2,"4":2,"5":2,"6":2,"7":2,"8":1,"9":2,"10":2,"11":2,"12":2,"13":1,"14":1,"15":1,"16":1},"b":{"1":[2,1,1,1],"2":[1,1,1,1],"3":[1,1],"4":[2,2],"5":[1,1]},"f":{"1":2,"2":2,"3":2},"fnMap":{"1":{"name":"(anonymous_1)","line":12,"loc":{"start":{"line":12,"column":1},"end":{"line":12,"column":13}}},"2":{"name":"(anonymous_2)","line":19,"loc":{"start":{"line":19,"column":5},"end":{"line":19,"column":17}}},"3":{"name":"(anonymous_3)","line":23,"loc":{"start":{"line":23,"column":24},"end":{"line":23,"column":36}}}},"statementMap":{"1":{"start":{"line":12,"column":0},"end":{"line":53,"column":5}},"2":{"start":{"line":14,"column":4},"end":{"line":14,"column":14}},"3":{"start":{"line":19,"column":4},"end":{"line":52,"column":9}},"4":{"start":{"line":21,"column":8},"end":{"line":21,"column":19}},"5":{"start":{"line":23,"column":8},"end":{"line":35,"column":13}},"6":{"start":{"line":24,"column":12},"end":{"line":34,"column":13}},"7":{"start":{"line":25,"column":16},"end":{"line":28,"column":30}},"8":{"start":{"line":30,"column":16},"end":{"line":33,"column":27}},"9":{"start":{"line":37,"column":8},"end":{"line":39,"column":21}},"10":{"start":{"line":41,"column":8},"end":{"line":41,"column":54}},"11":{"start":{"line":43,"column":8},"end":{"line":43,"column":55}},"12":{"start":{"line":45,"column":8},"end":{"line":51,"column":9}},"13":{"start":{"line":46,"column":12},"end":{"line":46,"column":61}},"14":{"start":{"line":48,"column":12},"end":{"line":48,"column":35}},"15":{"start":{"line":49,"column":12},"end":{"line":49,"column":49}},"16":{"start":{"line":50,"column":12},"end":{"line":50,"column":43}}},"branchMap":{"1":{"line":25,"type":"binary-expr","locations":[{"start":{"line":25,"column":23},"end":{"line":25,"column":62}},{"start":{"line":26,"column":20},"end":{"line":26,"column":70}},{"start":{"line":27,"column":20},"end":{"line":27,"column":71}},{"start":{"line":28,"column":20},"end":{"line":28,"column":29}}]},"2":{"line":30,"type":"binary-expr","locations":[{"start":{"line":30,"column":23},"end":{"line":30,"column":37}},{"start":{"line":31,"column":20},"end":{"line":31,"column":61}},{"start":{"line":32,"column":20},"end":{"line":32,"column":70}},{"start":{"line":33,"column":20},"end":{"line":33,"column":26}}]},"3":{"line":37,"type":"cond-expr","locations":[{"start":{"line":38,"column":14},"end":{"line":38,"column":20}},{"start":{"line":39,"column":14},"end":{"line":39,"column":20}}]},"4":{"line":41,"type":"binary-expr","locations":[{"start":{"line":41,"column":16},"end":{"line":41,"column":44}},{"start":{"line":41,"column":48},"end":{"line":41,"column":53}}]},"5":{"line":45,"type":"if","locations":[{"start":{"line":45,"column":8},"end":{"line":45,"column":8}},{"start":{"line":45,"column":8},"end":{"line":45,"column":8}}]}},"code":["/* istanbul instrument in package npmtest_sails_rest */","/*jslint","    bitwise: true,","    browser: true,","    maxerr: 8,","    maxlen: 96,","    node: true,","    nomen: true,","    regexp: true,","    stupid: true","*/","(function () {","    'use strict';","    var local;","","","","    // run shared js-env code - pre-init","    (function () {","        // init local","        local = {};","        // init modeJs","        local.modeJs = (function () {","            try {","                return typeof navigator.userAgent === 'string' &&","                    typeof document.querySelector('body') === 'object' &&","                    typeof XMLHttpRequest.prototype.open === 'function' &&","                    'browser';","            } catch (errorCaughtBrowser) {","                return module.exports &&","                    typeof process.versions.node === 'string' &&","                    typeof require('http').createServer === 'function' &&","                    'node';","            }","        }());","        // init global","        local.global = local.modeJs === 'browser'","            ? window","            : global;","        // init utility2_rollup","        local = local.global.utility2_rollup || local;","        // init lib","        local.local = local.npmtest_sails_rest = local;","        // init exports","        if (local.modeJs === 'browser') {","            local.global.utility2_npmtest_sails_rest = local;","        } else {","            module.exports = local;","            module.exports.__dirname = __dirname;","            module.exports.module = module;","        }","    }());","}());",""],"l":{"12":2,"14":2,"19":2,"21":2,"23":2,"24":2,"25":2,"30":1,"37":2,"41":2,"43":2,"45":2,"46":1,"48":1,"49":1,"50":1}},"/home/travis/build/npmtest/node-npmtest-sails-rest/example.js":{"path":"/home/travis/build/npmtest/node-npmtest-sails-rest/example.js","s":{"1":2,"2":2,"3":2,"4":2,"5":2,"6":2,"7":2,"8":1,"9":2,"10":2,"11":2,"12":2,"13":1,"14":2,"15":2,"16":2,"17":2,"18":2,"19":0,"20":2,"21":1,"22":1,"23":1,"24":1,"25":1,"26":0,"27":0,"28":1,"29":1,"30":2,"31":0,"32":0,"33":0,"34":1,"35":2,"36":2,"37":3,"38":3,"39":3,"40":3,"41":0,"42":3,"43":3,"44":3,"45":1,"46":3,"47":1,"48":1,"49":1,"50":1,"51":1,"52":1,"53":1,"54":1,"55":1,"56":1,"57":0,"58":1,"59":6,"60":6,"61":1,"62":2,"63":0,"64":2,"65":1,"66":1,"67":0,"68":0,"69":0,"70":0,"71":0,"72":0,"73":0,"74":0,"75":0,"76":0,"77":0,"78":0,"79":0,"80":0,"81":0,"82":0,"83":0},"b":{"1":[2,1,1,1],"2":[1,1,1,1],"3":[1,1],"4":[2,2],"5":[1,1],"6":[1,1],"7":[2,0],"8":[2,1,1,1,1,1],"9":[0,2,0],"10":[1,1],"11":[2,1,1],"12":[1,0],"13":[0,2],"14":[2,0,0,0,0,0,0],"15":[0,3],"16":[3,0],"17":[1,1],"18":[0,1],"19":[1,2,0,2],"20":[1,0],"21":[1,1],"22":[0,0],"23":[0,0],"24":[0,0],"25":[0,0],"26":[0,0],"27":[0,0],"28":[0,0]},"f":{"1":2,"2":2,"3":2,"4":2,"5":2,"6":2,"7":3,"8":3,"9":3,"10":1,"11":6,"12":0},"fnMap":{"1":{"name":"(anonymous_1)","line":26,"loc":{"start":{"line":26,"column":1},"end":{"line":26,"column":13}}},"2":{"name":"(anonymous_2)","line":33,"loc":{"start":{"line":33,"column":5},"end":{"line":33,"column":17}}},"3":{"name":"(anonymous_3)","line":37,"loc":{"start":{"line":37,"column":24},"end":{"line":37,"column":36}}},"4":{"name":"(anonymous_4)","line":69,"loc":{"start":{"line":69,"column":31},"end":{"line":69,"column":48}},"skip":true},"5":{"name":"(anonymous_5)","line":78,"loc":{"start":{"line":78,"column":26},"end":{"line":78,"column":45}},"skip":true},"6":{"name":"(anonymous_6)","line":123,"loc":{"start":{"line":123,"column":33},"end":{"line":123,"column":48}},"skip":true},"7":{"name":"(anonymous_7)","line":125,"loc":{"start":{"line":125,"column":27},"end":{"line":125,"column":39}},"skip":true},"8":{"name":"(anonymous_8)","line":133,"loc":{"start":{"line":133,"column":59},"end":{"line":133,"column":74}},"skip":true},"9":{"name":"(anonymous_9)","line":143,"loc":{"start":{"line":143,"column":45},"end":{"line":143,"column":62}},"skip":true},"10":{"name":"(anonymous_10)","line":144,"loc":{"start":{"line":144,"column":73},"end":{"line":144,"column":92}},"skip":true},"11":{"name":"(anonymous_11)","line":272,"loc":{"start":{"line":272,"column":51},"end":{"line":272,"column":77}},"skip":true},"12":{"name":"(anonymous_12)","line":315,"loc":{"start":{"line":315,"column":32},"end":{"line":315,"column":61}},"skip":true}},"statementMap":{"1":{"start":{"line":26,"column":0},"end":{"line":326,"column":5}},"2":{"start":{"line":28,"column":4},"end":{"line":28,"column":14}},"3":{"start":{"line":33,"column":4},"end":{"line":60,"column":9}},"4":{"start":{"line":35,"column":8},"end":{"line":35,"column":19}},"5":{"start":{"line":37,"column":8},"end":{"line":49,"column":13}},"6":{"start":{"line":38,"column":12},"end":{"line":48,"column":13}},"7":{"start":{"line":39,"column":16},"end":{"line":42,"column":30}},"8":{"start":{"line":44,"column":16},"end":{"line":47,"column":27}},"9":{"start":{"line":51,"column":8},"end":{"line":53,"column":21}},"10":{"start":{"line":55,"column":8},"end":{"line":57,"column":45}},"11":{"start":{"line":59,"column":8},"end":{"line":59,"column":35}},"12":{"start":{"line":61,"column":4},"end":{"line":325,"column":5}},"13":{"start":{"line":69,"column":8},"end":{"line":121,"column":10},"skip":true},"14":{"start":{"line":70,"column":12},"end":{"line":88,"column":13},"skip":true},"15":{"start":{"line":76,"column":16},"end":{"line":87,"column":19},"skip":true},"16":{"start":{"line":79,"column":20},"end":{"line":86,"column":21},"skip":true},"17":{"start":{"line":82,"column":24},"end":{"line":82,"column":43},"skip":true},"18":{"start":{"line":83,"column":24},"end":{"line":83,"column":30},"skip":true},"19":{"start":{"line":85,"column":24},"end":{"line":85,"column":49},"skip":true},"20":{"start":{"line":89,"column":12},"end":{"line":107,"column":13},"skip":true},"21":{"start":{"line":92,"column":16},"end":{"line":102,"column":17},"skip":true},"22":{"start":{"line":93,"column":20},"end":{"line":93,"column":86},"skip":true},"23":{"start":{"line":94,"column":20},"end":{"line":95,"column":45},"skip":true},"24":{"start":{"line":96,"column":20},"end":{"line":96,"column":42},"skip":true},"25":{"start":{"line":97,"column":20},"end":{"line":97,"column":48},"skip":true},"26":{"start":{"line":100,"column":20},"end":{"line":100,"column":85},"skip":true},"27":{"start":{"line":101,"column":20},"end":{"line":101,"column":96},"skip":true},"28":{"start":{"line":103,"column":16},"end":{"line":103,"column":22},"skip":true},"29":{"start":{"line":106,"column":16},"end":{"line":106,"column":22},"skip":true},"30":{"start":{"line":108,"column":12},"end":{"line":120,"column":13},"skip":true},"31":{"start":{"line":114,"column":16},"end":{"line":119,"column":17},"skip":true},"32":{"start":{"line":116,"column":20},"end":{"line":116,"column":78},"skip":true},"33":{"start":{"line":118,"column":20},"end":{"line":118,"column":47},"skip":true},"34":{"start":{"line":123,"column":8},"end":{"line":141,"column":11},"skip":true},"35":{"start":{"line":124,"column":12},"end":{"line":124,"column":54},"skip":true},"36":{"start":{"line":125,"column":12},"end":{"line":140,"column":14},"skip":true},"37":{"start":{"line":126,"column":16},"end":{"line":126,"column":28},"skip":true},"38":{"start":{"line":127,"column":16},"end":{"line":127,"column":69},"skip":true},"39":{"start":{"line":128,"column":16},"end":{"line":128,"column":75},"skip":true},"40":{"start":{"line":129,"column":16},"end":{"line":131,"column":17},"skip":true},"41":{"start":{"line":130,"column":20},"end":{"line":130,"column":27},"skip":true},"42":{"start":{"line":133,"column":16},"end":{"line":137,"column":36},"skip":true},"43":{"start":{"line":134,"column":20},"end":{"line":136,"column":55},"skip":true},"44":{"start":{"line":139,"column":16},"end":{"line":139,"column":57},"skip":true},"45":{"start":{"line":143,"column":8},"end":{"line":147,"column":11},"skip":true},"46":{"start":{"line":144,"column":12},"end":{"line":146,"column":15},"skip":true},"47":{"start":{"line":145,"column":16},"end":{"line":145,"column":70},"skip":true},"48":{"start":{"line":149,"column":8},"end":{"line":149,"column":31},"skip":true},"49":{"start":{"line":150,"column":8},"end":{"line":150,"column":14},"skip":true},"50":{"start":{"line":158,"column":8},"end":{"line":158,"column":31},"skip":true},"51":{"start":{"line":160,"column":8},"end":{"line":160,"column":33},"skip":true},"52":{"start":{"line":161,"column":8},"end":{"line":161,"column":37},"skip":true},"53":{"start":{"line":162,"column":8},"end":{"line":162,"column":35},"skip":true},"54":{"start":{"line":164,"column":8},"end":{"line":164,"column":50},"skip":true},"55":{"start":{"line":166,"column":8},"end":{"line":256,"column":2},"skip":true},"56":{"start":{"line":258,"column":8},"end":{"line":286,"column":9},"skip":true},"57":{"start":{"line":259,"column":12},"end":{"line":269,"column":14},"skip":true},"58":{"start":{"line":271,"column":12},"end":{"line":285,"column":19},"skip":true},"59":{"start":{"line":274,"column":20},"end":{"line":274,"column":35},"skip":true},"60":{"start":{"line":275,"column":20},"end":{"line":284,"column":21},"skip":true},"61":{"start":{"line":277,"column":24},"end":{"line":277,"column":64},"skip":true},"62":{"start":{"line":279,"column":24},"end":{"line":279,"column":40},"skip":true},"63":{"start":{"line":281,"column":24},"end":{"line":281,"column":40},"skip":true},"64":{"start":{"line":283,"column":24},"end":{"line":283,"column":39},"skip":true},"65":{"start":{"line":288,"column":8},"end":{"line":290,"column":9},"skip":true},"66":{"start":{"line":289,"column":12},"end":{"line":289,"column":18},"skip":true},"67":{"start":{"line":291,"column":8},"end":{"line":293,"column":54},"skip":true},"68":{"start":{"line":296,"column":8},"end":{"line":301,"column":37},"skip":true},"69":{"start":{"line":303,"column":8},"end":{"line":303,"column":82},"skip":true},"70":{"start":{"line":306,"column":8},"end":{"line":308,"column":9},"skip":true},"71":{"start":{"line":307,"column":12},"end":{"line":307,"column":82},"skip":true},"72":{"start":{"line":310,"column":8},"end":{"line":312,"column":9},"skip":true},"73":{"start":{"line":311,"column":12},"end":{"line":311,"column":18},"skip":true},"74":{"start":{"line":313,"column":8},"end":{"line":313,"column":54},"skip":true},"75":{"start":{"line":314,"column":8},"end":{"line":314,"column":69},"skip":true},"76":{"start":{"line":315,"column":8},"end":{"line":323,"column":36},"skip":true},"77":{"start":{"line":316,"column":12},"end":{"line":316,"column":61},"skip":true},"78":{"start":{"line":317,"column":12},"end":{"line":320,"column":13},"skip":true},"79":{"start":{"line":318,"column":16},"end":{"line":318,"column":75},"skip":true},"80":{"start":{"line":319,"column":16},"end":{"line":319,"column":23},"skip":true},"81":{"start":{"line":321,"column":12},"end":{"line":321,"column":38},"skip":true},"82":{"start":{"line":322,"column":12},"end":{"line":322,"column":27},"skip":true},"83":{"start":{"line":324,"column":8},"end":{"line":324,"column":14},"skip":true}},"branchMap":{"1":{"line":39,"type":"binary-expr","locations":[{"start":{"line":39,"column":23},"end":{"line":39,"column":62}},{"start":{"line":40,"column":20},"end":{"line":40,"column":70}},{"start":{"line":41,"column":20},"end":{"line":41,"column":71}},{"start":{"line":42,"column":20},"end":{"line":42,"column":29}}]},"2":{"line":44,"type":"binary-expr","locations":[{"start":{"line":44,"column":23},"end":{"line":44,"column":37}},{"start":{"line":45,"column":20},"end":{"line":45,"column":61}},{"start":{"line":46,"column":20},"end":{"line":46,"column":70}},{"start":{"line":47,"column":20},"end":{"line":47,"column":26}}]},"3":{"line":51,"type":"cond-expr","locations":[{"start":{"line":52,"column":14},"end":{"line":52,"column":20}},{"start":{"line":53,"column":14},"end":{"line":53,"column":20}}]},"4":{"line":55,"type":"binary-expr","locations":[{"start":{"line":55,"column":16},"end":{"line":55,"column":44}},{"start":{"line":55,"column":49},"end":{"line":57,"column":43}}]},"5":{"line":55,"type":"cond-expr","locations":[{"start":{"line":56,"column":14},"end":{"line":56,"column":54}},{"start":{"line":57,"column":14},"end":{"line":57,"column":43}}]},"6":{"line":61,"type":"switch","locations":[{"start":{"line":68,"column":4},"end":{"line":150,"column":14},"skip":true},{"start":{"line":156,"column":4},"end":{"line":324,"column":14},"skip":true}]},"7":{"line":70,"type":"if","locations":[{"start":{"line":70,"column":12},"end":{"line":70,"column":12},"skip":true},{"start":{"line":70,"column":12},"end":{"line":70,"column":12},"skip":true}]},"8":{"line":70,"type":"binary-expr","locations":[{"start":{"line":70,"column":16},"end":{"line":70,"column":22},"skip":true},{"start":{"line":70,"column":27},"end":{"line":70,"column":32},"skip":true},{"start":{"line":71,"column":20},"end":{"line":71,"column":39},"skip":true},{"start":{"line":72,"column":20},"end":{"line":72,"column":49},"skip":true},{"start":{"line":73,"column":20},"end":{"line":73,"column":58},"skip":true},{"start":{"line":74,"column":20},"end":{"line":74,"column":69},"skip":true}]},"9":{"line":79,"type":"switch","locations":[{"start":{"line":80,"column":20},"end":{"line":80,"column":33},"skip":true},{"start":{"line":81,"column":20},"end":{"line":83,"column":30},"skip":true},{"start":{"line":84,"column":20},"end":{"line":85,"column":49},"skip":true}]},"10":{"line":89,"type":"switch","locations":[{"start":{"line":90,"column":12},"end":{"line":103,"column":22},"skip":true},{"start":{"line":105,"column":12},"end":{"line":106,"column":22},"skip":true}]},"11":{"line":89,"type":"binary-expr","locations":[{"start":{"line":89,"column":20},"end":{"line":89,"column":25},"skip":true},{"start":{"line":89,"column":29},"end":{"line":89,"column":48},"skip":true},{"start":{"line":89,"column":52},"end":{"line":89,"column":74},"skip":true}]},"12":{"line":92,"type":"if","locations":[{"start":{"line":92,"column":16},"end":{"line":92,"column":16},"skip":true},{"start":{"line":92,"column":16},"end":{"line":92,"column":16},"skip":true}]},"13":{"line":108,"type":"if","locations":[{"start":{"line":108,"column":12},"end":{"line":108,"column":12},"skip":true},{"start":{"line":108,"column":12},"end":{"line":108,"column":12},"skip":true}]},"14":{"line":108,"type":"binary-expr","locations":[{"start":{"line":108,"column":16},"end":{"line":108,"column":61},"skip":true},{"start":{"line":108,"column":66},"end":{"line":108,"column":72},"skip":true},{"start":{"line":108,"column":77},"end":{"line":108,"column":82},"skip":true},{"start":{"line":109,"column":20},"end":{"line":109,"column":39},"skip":true},{"start":{"line":110,"column":20},"end":{"line":110,"column":49},"skip":true},{"start":{"line":111,"column":20},"end":{"line":111,"column":58},"skip":true},{"start":{"line":112,"column":20},"end":{"line":112,"column":68},"skip":true}]},"15":{"line":129,"type":"if","locations":[{"start":{"line":129,"column":16},"end":{"line":129,"column":16},"skip":true},{"start":{"line":129,"column":16},"end":{"line":129,"column":16},"skip":true}]},"16":{"line":134,"type":"cond-expr","locations":[{"start":{"line":135,"column":26},"end":{"line":135,"column":29},"skip":true},{"start":{"line":136,"column":26},"end":{"line":136,"column":54},"skip":true}]},"17":{"line":164,"type":"binary-expr","locations":[{"start":{"line":164,"column":27},"end":{"line":164,"column":43},"skip":true},{"start":{"line":164,"column":47},"end":{"line":164,"column":49},"skip":true}]},"18":{"line":258,"type":"if","locations":[{"start":{"line":258,"column":8},"end":{"line":258,"column":8},"skip":true},{"start":{"line":258,"column":8},"end":{"line":258,"column":8},"skip":true}]},"19":{"line":275,"type":"switch","locations":[{"start":{"line":276,"column":20},"end":{"line":277,"column":64},"skip":true},{"start":{"line":278,"column":20},"end":{"line":279,"column":40},"skip":true},{"start":{"line":280,"column":20},"end":{"line":281,"column":40},"skip":true},{"start":{"line":282,"column":20},"end":{"line":283,"column":39},"skip":true}]},"20":{"line":288,"type":"if","locations":[{"start":{"line":288,"column":8},"end":{"line":288,"column":8},"skip":true},{"start":{"line":288,"column":8},"end":{"line":288,"column":8},"skip":true}]},"21":{"line":288,"type":"binary-expr","locations":[{"start":{"line":288,"column":12},"end":{"line":288,"column":40},"skip":true},{"start":{"line":288,"column":44},"end":{"line":288,"column":67},"skip":true}]},"22":{"line":292,"type":"binary-expr","locations":[{"start":{"line":292,"column":12},"end":{"line":292,"column":50},"skip":true},{"start":{"line":293,"column":12},"end":{"line":293,"column":53},"skip":true}]},"23":{"line":297,"type":"binary-expr","locations":[{"start":{"line":297,"column":12},"end":{"line":297,"column":68},"skip":true},{"start":{"line":298,"column":12},"end":{"line":301,"column":36},"skip":true}]},"24":{"line":303,"type":"binary-expr","locations":[{"start":{"line":303,"column":43},"end":{"line":303,"column":75},"skip":true},{"start":{"line":303,"column":79},"end":{"line":303,"column":81},"skip":true}]},"25":{"line":306,"type":"if","locations":[{"start":{"line":306,"column":8},"end":{"line":306,"column":8},"skip":true},{"start":{"line":306,"column":8},"end":{"line":306,"column":8},"skip":true}]},"26":{"line":310,"type":"if","locations":[{"start":{"line":310,"column":8},"end":{"line":310,"column":8},"skip":true},{"start":{"line":310,"column":8},"end":{"line":310,"column":8},"skip":true}]},"27":{"line":313,"type":"binary-expr","locations":[{"start":{"line":313,"column":27},"end":{"line":313,"column":43},"skip":true},{"start":{"line":313,"column":47},"end":{"line":313,"column":53},"skip":true}]},"28":{"line":317,"type":"if","locations":[{"start":{"line":317,"column":12},"end":{"line":317,"column":12},"skip":true},{"start":{"line":317,"column":12},"end":{"line":317,"column":12},"skip":true}]}},"code":["/*","example.js","","quickstart example","","instruction","    1. save this script as example.js","    2. run the shell command:","        $ npm install npmtest-sails-rest && PORT=8081 node example.js","    3. play with the browser-demo on http://127.0.0.1:8081","*/","","","","/* istanbul instrument in package npmtest_sails_rest */","/*jslint","    bitwise: true,","    browser: true,","    maxerr: 8,","    maxlen: 96,","    node: true,","    nomen: true,","    regexp: true,","    stupid: true","*/","(function () {","    'use strict';","    var local;","","","","    // run shared js-env code - pre-init","    (function () {","        // init local","        local = {};","        // init modeJs","        local.modeJs = (function () {","            try {","                return typeof navigator.userAgent === 'string' &&","                    typeof document.querySelector('body') === 'object' &&","                    typeof XMLHttpRequest.prototype.open === 'function' &&","                    'browser';","            } catch (errorCaughtBrowser) {","                return module.exports &&","                    typeof process.versions.node === 'string' &&","                    typeof require('http').createServer === 'function' &&","                    'node';","            }","        }());","        // init global","        local.global = local.modeJs === 'browser'","            ? window","            : global;","        // init utility2_rollup","        local = local.global.utility2_rollup || (local.modeJs === 'browser'","            ? local.global.utility2_npmtest_sails_rest","            : global.utility2_moduleExports);","        // export local","        local.global.local = local;","    }());","    switch (local.modeJs) {","","","","    // post-init","    // run browser js-env code - post-init","    /* istanbul ignore next */","    case 'browser':","        local.testRunBrowser = function (event) {","            if (!event || (event &&","                    event.currentTarget &&","                    event.currentTarget.className &&","                    event.currentTarget.className.includes &&","                    event.currentTarget.className.includes('onreset'))) {","                // reset output","                Array.from(","                    document.querySelectorAll('body > .resettable')","                ).forEach(function (element) {","                    switch (element.tagName) {","                    case 'INPUT':","                    case 'TEXTAREA':","                        element.value = '';","                        break;","                    default:","                        element.textContent = '';","                    }","                });","            }","            switch (event && event.currentTarget && event.currentTarget.id) {","            case 'testRunButton1':","                // show tests","                if (document.querySelector('#testReportDiv1').style.display === 'none') {","                    document.querySelector('#testReportDiv1').style.display = 'block';","                    document.querySelector('#testRunButton1').textContent =","                        'hide internal test';","                    local.modeTest = true;","                    local.testRunDefault(local);","                // hide tests","                } else {","                    document.querySelector('#testReportDiv1').style.display = 'none';","                    document.querySelector('#testRunButton1').textContent = 'run internal test';","                }","                break;","            // custom-case","            default:","                break;","            }","            if (document.querySelector('#inputTextareaEval1') && (!event || (event &&","                    event.currentTarget &&","                    event.currentTarget.className &&","                    event.currentTarget.className.includes &&","                    event.currentTarget.className.includes('oneval')))) {","                // try to eval input-code","                try {","                    /*jslint evil: true*/","                    eval(document.querySelector('#inputTextareaEval1').value);","                } catch (errorCaught) {","                    console.error(errorCaught);","                }","            }","        };","        // log stderr and stdout to #outputTextareaStdout1","        ['error', 'log'].forEach(function (key) {","            console[key + '_original'] = console[key];","            console[key] = function () {","                var element;","                console[key + '_original'].apply(console, arguments);","                element = document.querySelector('#outputTextareaStdout1');","                if (!element) {","                    return;","                }","                // append text to #outputTextareaStdout1","                element.value += Array.from(arguments).map(function (arg) {","                    return typeof arg === 'string'","                        ? arg","                        : JSON.stringify(arg, null, 4);","                }).join(' ') + '\\n';","                // scroll textarea to bottom","                element.scrollTop = element.scrollHeight;","            };","        });","        // init event-handling","        ['change', 'click', 'keyup'].forEach(function (event) {","            Array.from(document.querySelectorAll('.on' + event)).forEach(function (element) {","                element.addEventListener(event, local.testRunBrowser);","            });","        });","        // run tests","        local.testRunBrowser();","        break;","","","","    // run node js-env code - post-init","    /* istanbul ignore next */","    case 'node':","        // export local","        module.exports = local;","        // require modules","        local.fs = require('fs');","        local.http = require('http');","        local.url = require('url');","        // init assets","        local.assetsDict = local.assetsDict || {};","        /* jslint-ignore-begin */","        local.assetsDict['/assets.index.template.html'] = '\\","<!doctype html>\\n\\","<html lang=\"en\">\\n\\","<head>\\n\\","<meta charset=\"UTF-8\">\\n\\","<meta name=\"viewport\" content=\"width=device-width, initial-scale=1\">\\n\\","<title>{{env.npm_package_name}} (v{{env.npm_package_version}})</title>\\n\\","<style>\\n\\","/*csslint\\n\\","    box-sizing: false,\\n\\","    universal-selector: false\\n\\","*/\\n\\","* {\\n\\","    box-sizing: border-box;\\n\\","}\\n\\","body {\\n\\","    background: #dde;\\n\\","    font-family: Arial, Helvetica, sans-serif;\\n\\","    margin: 2rem;\\n\\","}\\n\\","body > * {\\n\\","    margin-bottom: 1rem;\\n\\","}\\n\\",".utility2FooterDiv {\\n\\","    margin-top: 20px;\\n\\","    text-align: center;\\n\\","}\\n\\","</style>\\n\\","<style>\\n\\","/*csslint\\n\\","*/\\n\\","textarea {\\n\\","    font-family: monospace;\\n\\","    height: 10rem;\\n\\","    width: 100%;\\n\\","}\\n\\","textarea[readonly] {\\n\\","    background: #ddd;\\n\\","}\\n\\","</style>\\n\\","</head>\\n\\","<body>\\n\\","<!-- utility2-comment\\n\\","<div id=\"ajaxProgressDiv1\" style=\"background: #d00; height: 2px; left: 0; margin: 0; padding: 0; position: fixed; top: 0; transition: background 0.5s, width 1.5s; width: 25%;\"></div>\\n\\","utility2-comment -->\\n\\","<h1>\\n\\","<!-- utility2-comment\\n\\","    <a\\n\\","        {{#if env.npm_package_homepage}}\\n\\","        href=\"{{env.npm_package_homepage}}\"\\n\\","        {{/if env.npm_package_homepage}}\\n\\","        target=\"_blank\"\\n\\","    >\\n\\","utility2-comment -->\\n\\","        {{env.npm_package_name}} (v{{env.npm_package_version}})\\n\\","<!-- utility2-comment\\n\\","    </a>\\n\\","utility2-comment -->\\n\\","</h1>\\n\\","<h3>{{env.npm_package_description}}</h3>\\n\\","<!-- utility2-comment\\n\\","<h4><a download href=\"assets.app.js\">download standalone app</a></h4>\\n\\","<button class=\"onclick onreset\" id=\"testRunButton1\">run internal test</button><br>\\n\\","<div id=\"testReportDiv1\" style=\"display: none;\"></div>\\n\\","utility2-comment -->\\n\\","\\n\\","\\n\\","\\n\\","<label>stderr and stdout</label>\\n\\","<textarea class=\"resettable\" id=\"outputTextareaStdout1\" readonly></textarea>\\n\\","<!-- utility2-comment\\n\\","{{#if isRollup}}\\n\\","<script src=\"assets.app.js\"></script>\\n\\","{{#unless isRollup}}\\n\\","utility2-comment -->\\n\\","<script src=\"assets.utility2.rollup.js\"></script>\\n\\","<script src=\"jsonp.utility2._stateInit?callback=window.utility2._stateInit\"></script>\\n\\","<script src=\"assets.npmtest_sails_rest.rollup.js\"></script>\\n\\","<script src=\"assets.example.js\"></script>\\n\\","<script src=\"assets.test.js\"></script>\\n\\","<!-- utility2-comment\\n\\","{{/if isRollup}}\\n\\","utility2-comment -->\\n\\","<div class=\"utility2FooterDiv\">\\n\\","    [ this app was created with\\n\\","    <a href=\"https://github.com/kaizhu256/node-utility2\" target=\"_blank\">utility2</a>\\n\\","    ]\\n\\","</div>\\n\\","</body>\\n\\","</html>\\n\\","';","        /* jslint-ignore-end */","        if (local.templateRender) {","            local.assetsDict['/'] = local.templateRender(","                local.assetsDict['/assets.index.template.html'],","                {","                    env: local.objectSetDefault(local.env, {","                        npm_package_description: 'the greatest app in the world!',","                        npm_package_name: 'my-app',","                        npm_package_nameAlias: 'my_app',","                        npm_package_version: '0.0.1'","                    })","                }","            );","        } else {","            local.assetsDict['/'] = local.assetsDict['/assets.index.template.html']","                .replace((/\\{\\{env\\.(\\w+?)\\}\\}/g), function (match0, match1) {","                    // jslint-hack","                    String(match0);","                    switch (match1) {","                    case 'npm_package_description':","                        return 'the greatest app in the world!';","                    case 'npm_package_name':","                        return 'my-app';","                    case 'npm_package_nameAlias':","                        return 'my_app';","                    case 'npm_package_version':","                        return '0.0.1';","                    }","                });","        }","        // run the cli","        if (local.global.utility2_rollup || module !== require.main) {","            break;","        }","        local.assetsDict['/assets.example.js'] =","            local.assetsDict['/assets.example.js'] ||","            local.fs.readFileSync(__filename, 'utf8');","        // bug-workaround - long $npm_package_buildCustomOrg","        /* jslint-ignore-begin */","        local.assetsDict['/assets.npmtest_sails_rest.rollup.js'] =","            local.assetsDict['/assets.npmtest_sails_rest.rollup.js'] ||","            local.fs.readFileSync(","                local.npmtest_sails_rest.__dirname + '/lib.npmtest_sails_rest.js',","                'utf8'","            ).replace((/^#!/), '//');","        /* jslint-ignore-end */","        local.assetsDict['/favicon.ico'] = local.assetsDict['/favicon.ico'] || '';","        // if $npm_config_timeout_exit exists,","        // then exit this process after $npm_config_timeout_exit ms","        if (Number(process.env.npm_config_timeout_exit)) {","            setTimeout(process.exit, Number(process.env.npm_config_timeout_exit));","        }","        // start server","        if (local.global.utility2_serverHttp1) {","            break;","        }","        process.env.PORT = process.env.PORT || '8081';","        console.error('server starting on port ' + process.env.PORT);","        local.http.createServer(function (request, response) {","            request.urlParsed = local.url.parse(request.url);","            if (local.assetsDict[request.urlParsed.pathname] !== undefined) {","                response.end(local.assetsDict[request.urlParsed.pathname]);","                return;","            }","            response.statusCode = 404;","            response.end();","        }).listen(process.env.PORT);","        break;","    }","}());",""],"l":{"26":2,"28":2,"33":2,"35":2,"37":2,"38":2,"39":2,"44":1,"51":2,"55":2,"59":2,"61":2,"69":1,"70":2,"76":2,"79":2,"82":2,"83":2,"85":1,"89":2,"92":1,"93":1,"94":1,"96":1,"97":1,"100":1,"101":1,"103":1,"106":1,"108":2,"114":1,"116":1,"118":1,"123":1,"124":2,"125":2,"126":3,"127":3,"128":3,"129":3,"130":1,"133":3,"134":3,"139":3,"143":1,"144":3,"145":1,"149":1,"150":1,"158":1,"160":1,"161":1,"162":1,"164":1,"166":1,"258":1,"259":1,"271":1,"274":6,"275":6,"277":1,"279":2,"281":1,"283":2,"288":1,"289":1,"291":1,"296":1,"303":1,"306":1,"307":1,"310":1,"311":1,"313":1,"314":1,"315":1,"316":1,"317":1,"318":1,"319":1,"321":1,"322":1,"324":1}},"/home/travis/build/npmtest/node-npmtest-sails-rest/node_modules/sails-rest/index.js":{"path":"/home/travis/build/npmtest/node-npmtest-sails-rest/node_modules/sails-rest/index.js","s":{"1":1},"b":{},"f":{},"fnMap":{},"statementMap":{"1":{"start":{"line":1,"column":0},"end":{"line":1,"column":45}}},"branchMap":{},"code":["module.exports = require('./lib/adapter.js');"],"l":{"1":1}},"/home/travis/build/npmtest/node-npmtest-sails-rest/node_modules/sails-rest/lib/adapter.js":{"path":"/home/travis/build/npmtest/node-npmtest-sails-rest/node_modules/sails-rest/lib/adapter.js","s":{"1":1,"2":1,"3":1,"4":1,"5":0,"6":0,"7":0,"8":0,"9":0,"10":0,"11":0,"12":0,"13":0,"14":0,"15":0,"16":0,"17":0,"18":0,"19":0,"20":0,"21":0,"22":0,"23":0,"24":0,"25":0,"26":0,"27":0,"28":0,"29":0,"30":0,"31":0,"32":0,"33":0,"34":1},"b":{"1":[0,0],"2":[0,0],"3":[0,0],"4":[0,0],"5":[0,0],"6":[0,0],"7":[0,0],"8":[0,0],"9":[0,0],"10":[0,0],"11":[0,0],"12":[0,0],"13":[0,0]},"f":{"1":1,"2":0,"3":0,"4":0,"5":0,"6":0,"7":0},"fnMap":{"1":{"name":"(anonymous_1)","line":20,"loc":{"start":{"line":20,"column":18},"end":{"line":20,"column":30}}},"2":{"name":"(anonymous_2)","line":87,"loc":{"start":{"line":87,"column":24},"end":{"line":87,"column":62}}},"3":{"name":"(anonymous_3)","line":134,"loc":{"start":{"line":134,"column":14},"end":{"line":134,"column":34}}},"4":{"name":"(anonymous_4)","line":158,"loc":{"start":{"line":158,"column":10},"end":{"line":158,"column":57}}},"5":{"name":"(anonymous_5)","line":171,"loc":{"start":{"line":171,"column":12},"end":{"line":171,"column":58}}},"6":{"name":"(anonymous_6)","line":185,"loc":{"start":{"line":185,"column":12},"end":{"line":185,"column":67}}},"7":{"name":"(anonymous_7)","line":198,"loc":{"start":{"line":198,"column":13},"end":{"line":198,"column":60}}}},"statementMap":{"1":{"start":{"line":1,"column":0},"end":{"line":4,"column":31}},"2":{"start":{"line":20,"column":0},"end":{"line":208,"column":5}},"3":{"start":{"line":25,"column":2},"end":{"line":25,"column":23}},"4":{"start":{"line":43,"column":2},"end":{"line":202,"column":4}},"5":{"start":{"line":88,"column":6},"end":{"line":97,"column":8}},"6":{"start":{"line":98,"column":6},"end":{"line":98,"column":90}},"7":{"start":{"line":98,"column":31},"end":{"line":98,"column":90}},"8":{"start":{"line":99,"column":6},"end":{"line":99,"column":101}},"9":{"start":{"line":99,"column":43},"end":{"line":99,"column":101}},"10":{"start":{"line":103,"column":6},"end":{"line":107,"column":9}},"11":{"start":{"line":108,"column":6},"end":{"line":108,"column":42}},"12":{"start":{"line":109,"column":6},"end":{"line":109,"column":76}},"13":{"start":{"line":111,"column":6},"end":{"line":117,"column":7}},"14":{"start":{"line":112,"column":8},"end":{"line":112,"column":81}},"15":{"start":{"line":113,"column":8},"end":{"line":113,"column":78}},"16":{"start":{"line":115,"column":8},"end":{"line":115,"column":60}},"17":{"start":{"line":116,"column":8},"end":{"line":116,"column":58}},"18":{"start":{"line":119,"column":6},"end":{"line":119,"column":48}},"19":{"start":{"line":121,"column":6},"end":{"line":121,"column":11}},"20":{"start":{"line":136,"column":6},"end":{"line":139,"column":7}},"21":{"start":{"line":137,"column":8},"end":{"line":137,"column":18}},"22":{"start":{"line":138,"column":8},"end":{"line":138,"column":20}},"23":{"start":{"line":140,"column":6},"end":{"line":143,"column":7}},"24":{"start":{"line":141,"column":8},"end":{"line":141,"column":25}},"25":{"start":{"line":142,"column":8},"end":{"line":142,"column":20}},"26":{"start":{"line":144,"column":6},"end":{"line":144,"column":41}},"27":{"start":{"line":144,"column":29},"end":{"line":144,"column":41}},"28":{"start":{"line":145,"column":6},"end":{"line":145,"column":31}},"29":{"start":{"line":146,"column":6},"end":{"line":146,"column":11}},"30":{"start":{"line":159,"column":6},"end":{"line":159,"column":79}},"31":{"start":{"line":172,"column":6},"end":{"line":172,"column":80}},"32":{"start":{"line":186,"column":6},"end":{"line":186,"column":89}},"33":{"start":{"line":199,"column":6},"end":{"line":199,"column":82}},"34":{"start":{"line":206,"column":2},"end":{"line":206,"column":17}}},"branchMap":{"1":{"line":96,"type":"binary-expr","locations":[{"start":{"line":96,"column":17},"end":{"line":96,"column":35}},{"start":{"line":96,"column":39},"end":{"line":96,"column":41}}]},"2":{"line":98,"type":"if","locations":[{"start":{"line":98,"column":6},"end":{"line":98,"column":6}},{"start":{"line":98,"column":6},"end":{"line":98,"column":6}}]},"3":{"line":99,"type":"if","locations":[{"start":{"line":99,"column":6},"end":{"line":99,"column":6}},{"start":{"line":99,"column":6},"end":{"line":99,"column":6}}]},"4":{"line":108,"type":"binary-expr","locations":[{"start":{"line":108,"column":20},"end":{"line":108,"column":35}},{"start":{"line":108,"column":39},"end":{"line":108,"column":41}}]},"5":{"line":109,"type":"binary-expr","locations":[{"start":{"line":109,"column":49},"end":{"line":109,"column":67}},{"start":{"line":109,"column":71},"end":{"line":109,"column":73}}]},"6":{"line":111,"type":"if","locations":[{"start":{"line":111,"column":6},"end":{"line":111,"column":6}},{"start":{"line":111,"column":6},"end":{"line":111,"column":6}}]},"7":{"line":112,"type":"binary-expr","locations":[{"start":{"line":112,"column":50},"end":{"line":112,"column":73}},{"start":{"line":112,"column":77},"end":{"line":112,"column":79}}]},"8":{"line":113,"type":"binary-expr","locations":[{"start":{"line":113,"column":48},"end":{"line":113,"column":70}},{"start":{"line":113,"column":74},"end":{"line":113,"column":76}}]},"9":{"line":115,"type":"binary-expr","locations":[{"start":{"line":115,"column":30},"end":{"line":115,"column":53}},{"start":{"line":115,"column":57},"end":{"line":115,"column":59}}]},"10":{"line":116,"type":"binary-expr","locations":[{"start":{"line":116,"column":29},"end":{"line":116,"column":51}},{"start":{"line":116,"column":55},"end":{"line":116,"column":57}}]},"11":{"line":136,"type":"if","locations":[{"start":{"line":136,"column":6},"end":{"line":136,"column":6}},{"start":{"line":136,"column":6},"end":{"line":136,"column":6}}]},"12":{"line":140,"type":"if","locations":[{"start":{"line":140,"column":6},"end":{"line":140,"column":6}},{"start":{"line":140,"column":6},"end":{"line":140,"column":6}}]},"13":{"line":144,"type":"if","locations":[{"start":{"line":144,"column":6},"end":{"line":144,"column":6}},{"start":{"line":144,"column":6},"end":{"line":144,"column":6}}]}},"code":["var url = require('url'),","    Connection = require('./connection'),","    _ = require('lodash'),","    hooks = require('./hooks');","","/**"," * sails-rest"," *"," * Most of the methods below are optional."," *"," * If you don't need / can't get to every method, just implement"," * what you have time for.  The other methods will only fail if"," * you try to call them!"," *"," * For many adapters, this file is all you need.  For very complex adapters, you may need more flexiblity."," * In any case, it's probably a good idea to start with one file and refactor only if necessary."," * If you do go that route, it's conventional in Node to create a `./lib` directory for your private submodules"," * and load them at the top of the file with other dependencies.  e.g. var update = `require('./lib/update')`;"," */","module.exports = (function () {","","","  // You'll want to maintain a reference to each connection","  // that gets registered with this adapter.","  var connections = {};","","  // You may also want to store additional, private data","  // per-connection (esp. if your data store uses persistent","  // connections).","  //","  // Keep in mind that models can be configured to use different databases","  // within the same app, at the same time.","  //","  // i.e. if you're writing a MariaDB adapter, you should be aware that one","  // model might be configured as `host=\"localhost\"` and another might be using","  // `host=\"foo.com\"` at the same time.  Same thing goes for user, database,","  // password, or any other config.","  //","  // You don't have to support this feature right off the bat in your","  // adapter, but it ought to get done eventually.","  //","","  var adapter = {","","    // Set to true if this adapter supports (or requires) things like data types, validations, keys, etc.","    // If true, the schema for models using this adapter will be automatically synced when the server starts.","    // Not terribly relevant if your data store is not SQL/schemaful.","    //","    // If setting syncable, you should consider the migrate option,","    // which allows you to set how the sync will be performed.","    // It can be overridden globally in an app (config/adapters.js)","    // and on a per-model basis.","    //","    // IMPORTANT:","    // `migrate` is not a production data migration solution!","    // In production, always use `migrate: safe`","    //","    // drop   => Drop schema and data, then recreate it","    // alter  => Drop/add columns as necessary.","    // safe   => Don't change anything (good for production DBs)","    //","    syncable: false,","","    // Default configuration for connections","    defaults: {","      host:     'localhost:8080',  // api host","      protocol: 'http',            // api HTTP protocol","      pathname: '',                // api endpoint path name","      headers:  {},                // Optional HTTP headers","      hooks: {","        merge:    true,              // flag that indicates whether to merge build-in hooks with user-provided hooks","        before:   [],                // array of hook functions that run before a request","        after:    []                 // array of hook functions that run after a request","      }","    },","","    /**","     *","     * This method runs when a model is initially registered","     * at server-start-time.  This is the only required method.","     *","     * @param  {[type]}   connection [description]","     * @param  {[type]}   collection [description]","     * @param  {Function} cb         [description]","     * @return {[type]}              [description]","     */","    registerConnection: function(connection, collections, cb) {","      var config = {","        hooks: {},","        methods: {","          create: 'post',","          find: 'get',","          update: 'put',","          destroy: 'del'","        },","        headers: connection.headers || {}","      };","      if(!connection.identity) return cb(new Error('Connection is missing an identity.'));","      if(connections[connection.identity]) return cb(new Error('Connection is already registered.'));","","      // Add in logic here to initialize connection","      // e.g. connections[connection.identity] = new Database(connection, collections);","      config.endpoint = url.format({","        host: connection.host,","        pathname: connection.pathname,","        protocol: connection.protocol","      });","      config.http = connection.http || {};","      config.methods = _.extend(config.methods, (connection.methods || {}));","","      if(connection.hooks.merge) {","        config.hooks.before = hooks.before.concat(connection.hooks.before || []);","        config.hooks.after = hooks.after.concat(connection.hooks.after || []);","      } else {","        config.hooks.before = connection.hooks.before || [];","        config.hooks.after = connection.hooks.after || [];","      }","","      connections[connection.identity] = config;","","      cb();","    },","","","    /**","     * Fired when a model is unregistered, typically when the server","     * is killed. Useful for tearing-down remaining open connections,","     * etc.","     *","     * @param  {Function} cb [description]","     * @return {[type]}      [description]","     */","    // Teardown a Connection","    teardown: function (conn, cb) {","","      if (typeof conn == 'function') {","        cb = conn;","        conn = null;","      }","      if (!conn) {","        connections = {};","        return cb();","      }","      if(!connections[conn]) return cb();","      delete connections[conn];","      cb();","    },","","    /**","     * Find record(s)","     * @param {String} connection - connection identifier","     * @param {String} collection - collection name. appended to API pathname.","     *                              For example, given the api `http://localhost:8080/api/v1`,","     *                              a collection named `user` will resolve to `http://localhost:8080/api/v1/user`.","     * @param {Object} options - query options object. contains query conditions (`where`), sort, limit etc. as per Waterline's API.","     * @param {Function} cb - function to call with query results.","     */","    find: function (connection, collection, options, cb) {","      return Connection.find(connections[connection], collection, options, cb);","    },","","    /**","     * Create record(s)","     * @param {String} connection - connection identifier","     * @param {String} collection - collection name. appended to API pathname.","     *                              For example, given the api `http://localhost:8080/api/v1`,","     *                              a collection named `user` will resolve to `http://localhost:8080/api/v1/user`.","     * @param {Array<Object>} values - values of records to create.","     * @param {Function} cb - function to call with query results.","     */","    create: function (connection, collection, values, cb) {","      return Connection.create(connections[connection], collection, values, cb);","    },","","    /**","     * Update record(s)","     * @param {String} connection - connection identifier","     * @param {String} collection - collection name. appended to API pathname.","     *                              For example, given the api `http://localhost:8080/api/v1`,","     *                              a collection named `user` will resolve to `http://localhost:8080/api/v1/user`.","     * @param {Object} options - query options object. contains query conditions (`where`), sort, limit etc. as per Waterline's API.","     * @param {Array<Object>} values - values of records to create.","     * @param {Function} cb - function to call with query results.","     */","    update: function (connection, collection, options, values, cb) {","      return Connection.update(connections[connection], collection, options, values, cb);","    },","","    /**","     * Destroy record(s)","     * @param {String} connection - connection identifier","     * @param {String} collection - collection name. appended to API pathname.","     *                              For example, given the api `http://localhost:8080/api/v1`,","     *                              a collection named `user` will resolve to `http://localhost:8080/api/v1/user`.","     * @param {Object} options - query options object. contains query conditions (`where`), sort, limit etc. as per Waterline's API.","     * @param {Function} cb - function to call with query results.","     */","    destroy: function (connection, collection, options, cb) {","      return Connection.destroy(connections[connection], collection, options, cb);","    }","","  };","","","  // Expose adapter definition","  return adapter;","","})();","",""],"l":{"1":1,"20":1,"25":1,"43":1,"88":0,"98":0,"99":0,"103":0,"108":0,"109":0,"111":0,"112":0,"113":0,"115":0,"116":0,"119":0,"121":0,"136":0,"137":0,"138":0,"140":0,"141":0,"142":0,"144":0,"145":0,"146":0,"159":0,"172":0,"186":0,"199":0,"206":1}},"/home/travis/build/npmtest/node-npmtest-sails-rest/node_modules/sails-rest/lib/connection.js":{"path":"/home/travis/build/npmtest/node-npmtest-sails-rest/node_modules/sails-rest/lib/connection.js","s":{"1":1,"2":1,"3":0,"4":0,"5":0,"6":0,"7":0,"8":0,"9":0,"10":0,"11":0,"12":0,"13":0,"14":0,"15":1,"16":0,"17":0,"18":1,"19":0,"20":0,"21":1,"22":0,"23":0,"24":0,"25":0,"26":0,"27":0,"28":1,"29":0,"30":0,"31":0,"32":0,"33":1,"34":0,"35":0,"36":0,"37":0,"38":0,"39":0,"40":0,"41":0,"42":0,"43":0,"44":0,"45":1,"46":0,"47":0,"48":0,"49":0,"50":0,"51":1,"52":0,"53":0,"54":0,"55":0,"56":0,"57":1,"58":0,"59":0,"60":0,"61":0,"62":0,"63":1},"b":{"1":[0,0],"2":[0,0],"3":[0,0],"4":[0,0],"5":[0,0],"6":[0,0],"7":[0,0],"8":[0,0],"9":[0,0],"10":[0,0],"11":[0,0],"12":[0,0],"13":[0,0],"14":[0,0],"15":[0,0],"16":[0,0]},"f":{"1":0,"2":0,"3":0,"4":0,"5":0,"6":0,"7":0,"8":0,"9":0,"10":0,"11":0,"12":0,"13":0,"14":0,"15":0,"16":0,"17":0,"18":0,"19":0,"20":0},"fnMap":{"1":{"name":"runBeforeHooks","line":27,"loc":{"start":{"line":27,"column":0},"end":{"line":27,"column":54}}},"2":{"name":"(anonymous_2)","line":30,"loc":{"start":{"line":30,"column":49},"end":{"line":30,"column":75}}},"3":{"name":"(anonymous_3)","line":31,"loc":{"start":{"line":31,"column":40},"end":{"line":31,"column":55}}},"4":{"name":"(anonymous_4)","line":41,"loc":{"start":{"line":41,"column":5},"end":{"line":41,"column":20}}},"5":{"name":"runAfterHooks","line":57,"loc":{"start":{"line":57,"column":0},"end":{"line":57,"column":48}}},"6":{"name":"(anonymous_6)","line":58,"loc":{"start":{"line":58,"column":43},"end":{"line":58,"column":69}}},"7":{"name":"setRequestHeaders","line":68,"loc":{"start":{"line":68,"column":0},"end":{"line":68,"column":44}}},"8":{"name":"handleResponse","line":81,"loc":{"start":{"line":81,"column":0},"end":{"line":81,"column":50}}},"9":{"name":"(anonymous_9)","line":82,"loc":{"start":{"line":82,"column":38},"end":{"line":82,"column":62}}},"10":{"name":"getResponseHandler","line":99,"loc":{"start":{"line":99,"column":0},"end":{"line":99,"column":44}}},"11":{"name":"(anonymous_11)","line":100,"loc":{"start":{"line":100,"column":9},"end":{"line":100,"column":29}}},"12":{"name":"(anonymous_12)","line":117,"loc":{"start":{"line":117,"column":18},"end":{"line":117,"column":65}}},"13":{"name":"(anonymous_13)","line":126,"loc":{"start":{"line":126,"column":44},"end":{"line":126,"column":64}}},"14":{"name":"(anonymous_14)","line":130,"loc":{"start":{"line":130,"column":39},"end":{"line":130,"column":59}}},"15":{"name":"(anonymous_15)","line":155,"loc":{"start":{"line":155,"column":20},"end":{"line":155,"column":66}}},"16":{"name":"(anonymous_16)","line":164,"loc":{"start":{"line":164,"column":46},"end":{"line":164,"column":66}}},"17":{"name":"(anonymous_17)","line":182,"loc":{"start":{"line":182,"column":20},"end":{"line":182,"column":75}}},"18":{"name":"(anonymous_18)","line":191,"loc":{"start":{"line":191,"column":46},"end":{"line":191,"column":66}}},"19":{"name":"(anonymous_19)","line":208,"loc":{"start":{"line":208,"column":21},"end":{"line":208,"column":68}}},"20":{"name":"(anonymous_20)","line":217,"loc":{"start":{"line":217,"column":47},"end":{"line":217,"column":67}}}},"statementMap":{"1":{"start":{"line":1,"column":0},"end":{"line":5,"column":36}},"2":{"start":{"line":27,"column":0},"end":{"line":47,"column":1}},"3":{"start":{"line":28,"column":2},"end":{"line":28,"column":51}},"4":{"start":{"line":30,"column":2},"end":{"line":46,"column":5}},"5":{"start":{"line":31,"column":4},"end":{"line":40,"column":7}},"6":{"start":{"line":32,"column":6},"end":{"line":34,"column":7}},"7":{"start":{"line":33,"column":8},"end":{"line":33,"column":29}},"8":{"start":{"line":35,"column":6},"end":{"line":38,"column":7}},"9":{"start":{"line":36,"column":8},"end":{"line":36,"column":51}},"10":{"start":{"line":37,"column":8},"end":{"line":37,"column":48}},"11":{"start":{"line":39,"column":6},"end":{"line":39,"column":17}},"12":{"start":{"line":42,"column":4},"end":{"line":44,"column":5}},"13":{"start":{"line":43,"column":6},"end":{"line":43,"column":21}},"14":{"start":{"line":45,"column":4},"end":{"line":45,"column":18}},"15":{"start":{"line":57,"column":0},"end":{"line":61,"column":1}},"16":{"start":{"line":58,"column":2},"end":{"line":60,"column":9}},"17":{"start":{"line":59,"column":4},"end":{"line":59,"column":29}},"18":{"start":{"line":68,"column":0},"end":{"line":72,"column":1}},"19":{"start":{"line":69,"column":2},"end":{"line":71,"column":3}},"20":{"start":{"line":70,"column":4},"end":{"line":70,"column":32}},"21":{"start":{"line":81,"column":0},"end":{"line":91,"column":1}},"22":{"start":{"line":82,"column":2},"end":{"line":90,"column":5}},"23":{"start":{"line":83,"column":4},"end":{"line":89,"column":5}},"24":{"start":{"line":84,"column":6},"end":{"line":84,"column":36}},"25":{"start":{"line":85,"column":11},"end":{"line":89,"column":5}},"26":{"start":{"line":86,"column":6},"end":{"line":86,"column":20}},"27":{"start":{"line":88,"column":6},"end":{"line":88,"column":24}},"28":{"start":{"line":99,"column":0},"end":{"line":106,"column":1}},"29":{"start":{"line":100,"column":2},"end":{"line":105,"column":3}},"30":{"start":{"line":101,"column":4},"end":{"line":103,"column":5}},"31":{"start":{"line":102,"column":6},"end":{"line":102,"column":17}},"32":{"start":{"line":104,"column":4},"end":{"line":104,"column":45}},"33":{"start":{"line":117,"column":0},"end":{"line":144,"column":2}},"34":{"start":{"line":118,"column":2},"end":{"line":125,"column":8}},"35":{"start":{"line":126,"column":2},"end":{"line":143,"column":5}},"36":{"start":{"line":127,"column":4},"end":{"line":129,"column":5}},"37":{"start":{"line":128,"column":6},"end":{"line":128,"column":21}},"38":{"start":{"line":130,"column":4},"end":{"line":142,"column":7}},"39":{"start":{"line":131,"column":6},"end":{"line":133,"column":7}},"40":{"start":{"line":132,"column":8},"end":{"line":132,"column":19}},"41":{"start":{"line":136,"column":6},"end":{"line":140,"column":7}},"42":{"start":{"line":137,"column":8},"end":{"line":139,"column":9}},"43":{"start":{"line":138,"column":10},"end":{"line":138,"column":32}},"44":{"start":{"line":141,"column":6},"end":{"line":141,"column":52}},"45":{"start":{"line":155,"column":0},"end":{"line":170,"column":2}},"46":{"start":{"line":156,"column":2},"end":{"line":163,"column":6}},"47":{"start":{"line":164,"column":2},"end":{"line":169,"column":5}},"48":{"start":{"line":165,"column":4},"end":{"line":167,"column":5}},"49":{"start":{"line":166,"column":6},"end":{"line":166,"column":21}},"50":{"start":{"line":168,"column":4},"end":{"line":168,"column":78}},"51":{"start":{"line":182,"column":0},"end":{"line":197,"column":2}},"52":{"start":{"line":183,"column":2},"end":{"line":190,"column":6}},"53":{"start":{"line":191,"column":2},"end":{"line":196,"column":5}},"54":{"start":{"line":192,"column":4},"end":{"line":194,"column":5}},"55":{"start":{"line":193,"column":6},"end":{"line":193,"column":21}},"56":{"start":{"line":195,"column":4},"end":{"line":195,"column":98}},"57":{"start":{"line":208,"column":0},"end":{"line":223,"column":2}},"58":{"start":{"line":209,"column":2},"end":{"line":216,"column":6}},"59":{"start":{"line":217,"column":2},"end":{"line":222,"column":5}},"60":{"start":{"line":218,"column":4},"end":{"line":220,"column":5}},"61":{"start":{"line":219,"column":6},"end":{"line":219,"column":21}},"62":{"start":{"line":221,"column":4},"end":{"line":221,"column":80}},"63":{"start":{"line":225,"column":0},"end":{"line":225,"column":28}}},"branchMap":{"1":{"line":32,"type":"if","locations":[{"start":{"line":32,"column":6},"end":{"line":32,"column":6}},{"start":{"line":32,"column":6},"end":{"line":32,"column":6}}]},"2":{"line":35,"type":"if","locations":[{"start":{"line":35,"column":6},"end":{"line":35,"column":6}},{"start":{"line":35,"column":6},"end":{"line":35,"column":6}}]},"3":{"line":35,"type":"binary-expr","locations":[{"start":{"line":35,"column":9},"end":{"line":35,"column":36}},{"start":{"line":35,"column":40},"end":{"line":35,"column":66}}]},"4":{"line":42,"type":"if","locations":[{"start":{"line":42,"column":4},"end":{"line":42,"column":4}},{"start":{"line":42,"column":4},"end":{"line":42,"column":4}}]},"5":{"line":69,"type":"if","locations":[{"start":{"line":69,"column":2},"end":{"line":69,"column":2}},{"start":{"line":69,"column":2},"end":{"line":69,"column":2}}]},"6":{"line":83,"type":"if","locations":[{"start":{"line":83,"column":4},"end":{"line":83,"column":4}},{"start":{"line":83,"column":4},"end":{"line":83,"column":4}}]},"7":{"line":85,"type":"if","locations":[{"start":{"line":85,"column":11},"end":{"line":85,"column":11}},{"start":{"line":85,"column":11},"end":{"line":85,"column":11}}]},"8":{"line":101,"type":"if","locations":[{"start":{"line":101,"column":4},"end":{"line":101,"column":4}},{"start":{"line":101,"column":4},"end":{"line":101,"column":4}}]},"9":{"line":101,"type":"binary-expr","locations":[{"start":{"line":101,"column":8},"end":{"line":101,"column":11}},{"start":{"line":101,"column":15},"end":{"line":101,"column":19}}]},"10":{"line":127,"type":"if","locations":[{"start":{"line":127,"column":4},"end":{"line":127,"column":4}},{"start":{"line":127,"column":4},"end":{"line":127,"column":4}}]},"11":{"line":131,"type":"if","locations":[{"start":{"line":131,"column":6},"end":{"line":131,"column":6}},{"start":{"line":131,"column":6},"end":{"line":131,"column":6}}]},"12":{"line":136,"type":"if","locations":[{"start":{"line":136,"column":6},"end":{"line":136,"column":6}},{"start":{"line":136,"column":6},"end":{"line":136,"column":6}}]},"13":{"line":137,"type":"if","locations":[{"start":{"line":137,"column":8},"end":{"line":137,"column":8}},{"start":{"line":137,"column":8},"end":{"line":137,"column":8}}]},"14":{"line":165,"type":"if","locations":[{"start":{"line":165,"column":4},"end":{"line":165,"column":4}},{"start":{"line":165,"column":4},"end":{"line":165,"column":4}}]},"15":{"line":192,"type":"if","locations":[{"start":{"line":192,"column":4},"end":{"line":192,"column":4}},{"start":{"line":192,"column":4},"end":{"line":192,"column":4}}]},"16":{"line":218,"type":"if","locations":[{"start":{"line":218,"column":4},"end":{"line":218,"column":4}},{"start":{"line":218,"column":4},"end":{"line":218,"column":4}}]}},"code":["var Connection = {},","    async = require('async'),","    url = require('url'),","    _ = require('lodash'),","    request = require('superagent');","","/**"," * Run all hook functions defined on `connection.hooks.before`."," * Used to modify request properties before running the actual request."," * Creates a SuperAgent Request object as soon as `config.endpoint` is defined by one of the hooks."," *"," * @note When using your own hooks, please ensure the first hook in the chain defines `config.endpoint` properly, so"," *       SuperAgent Request object can be initialized with the correct HTTP endpoint."," *"," * @param {Request} req - SuperAgent HTTP Request object"," * @param {String}  method - The model method"," * @param {Object}  config - configuration object used to hold request-specific configuration. this is used to avoid polluting the connection's own configuration object."," * @param {Object}  conn - connection configuration object:"," *    - {Object} connection - Waterline connection configuration object"," *    - {String} collection - collection name. appended to API pathname."," *                            For example, given the api `http://localhost:8080/api/v1`,"," *                            a collection named `user` will resolve to `http://localhost:8080/api/v1/user`."," *    - {Object} options - query options object. contains query conditions (`where`), sort, limit etc. as per Waterline's API."," *    - {Array<Object>} values - values of records to create."," * @param {Function} cb - function with error (Error object, or a falsy value if finished succesfully) and req (SuperAgent Request object, or undefined if error is not falsy) that is called when runBeforeHooks finishes"," */","function runBeforeHooks(req, method, config, conn, cb){","  var httpMethod = conn.connection.methods[method];","  ","  async.eachSeries(conn.connection.hooks.before, function (hook, nextHook) {","    hook(req, httpMethod, config, conn, function (err) {","      if(err) {","        return nextHook(err);","      }","      if(!_.isEmpty(config.endpoint) && typeof req === 'undefined'){","        req = request[httpMethod](config.endpoint);","        setRequestHeaders(conn.connection, req);","      }","      nextHook();","    });","  }, function (err) {","    if(err) {","      return cb(err);","    }","    cb(null, req);","  });","}","","/**"," * Run all hook functions defined on `connection.hooks.after`."," * Used to modify the response object and optionally handle any relevant errors if any."," * @param {Object} connection - connection configuration object"," * @param {Error} err - response error object"," * @param {Response} res - SuperAgent HTTP Response object"," * @param {Function} cb - function with error (Error object, or a falsy value if finished succesfully) that is called when runAfterHooks finishes"," */","function runAfterHooks(connection, err, res, cb){","  async.eachSeries(connection.hooks.after, function (hook, nextHook) {","    hook(err, res, nextHook);","  }, cb);","}","","/**"," * Sets headers on request object before issuing an HTTP request."," * @param {Object} connection - Waterline connection configuration object"," * @param {Request} req - SuperAgent HTTP Request object"," */","function setRequestHeaders(connection, req) {","  if(_.isObject(connection.headers)){","    req.set(connection.headers);","  }","}","","/**"," * Handle SuperAgent HTTP Response. Calls hook functions followed by Waterline callback."," * @param {Object} connection - connection configuration object"," * @param {Error} err - response error object"," * @param {Response} res - SuperAgent HTTP Response object"," * @param {Function} cb - function to call with query results."," */","function handleResponse(connection, err, res, cb) {","  runAfterHooks(connection, err, res, function (errFromHooks) {","    if(errFromHooks) {","      return cb(errFromHooks, null);","    } else if (res === undefined) {","      cb(err, null);","    } else {","      cb(err, res.body);","    }","  });","}","","/**"," * Creates a generic, anonymous HTTP response handler to handle SuperAgent responses."," * @param {Object} connection - Waterline connection configuration object"," * @param {Function} cb - function to call with query results."," * @returns {Function} SuperAgent response handler"," */","function getResponseHandler(connection, cb) {","  return function (err, res) {","    if (res && !err) {","      err = null;","    }","    handleResponse(connection, err, res, cb);","  }","}","","/**"," * Find record(s) by issuing an HTTP GET request."," * @param {Object} connection - connection configuration object"," * @param {String} collection - collection name. appended to API pathname."," *                              For example, given the api `http://localhost:8080/api/v1`,"," *                              a collection named `user` will resolve to `http://localhost:8080/api/v1/user`."," * @param {Object} options - query options object. contains query conditions (`where`), sort, limit etc. as per Waterline's API."," * @param {Function} cb - function to call with query results."," */","Connection.find = function (connection, collection, options, cb) {","  var config = {},","      req,","      conn = {","        connection: connection,","        collection: collection,","        options: options,","        values: {}","      };","  runBeforeHooks(req, 'find', config, conn, function (err, req) {","    if(err) {","      return cb(err);","    }","    return req.query(conn.options).end(function (err, res) {","      if (res) {","        err = null;","      }","      // Waterline requires that `find` will return an array.","      // Here we ensure that response body is converted to an array if required.","      if(!err){","        if(!Array.isArray(res.body)){","          res.body = [res.body];","        }","      }","      handleResponse(conn.connection, err, res, cb);","    });","  });","};","","/**"," * Create record(s) by issuing an HTTP POST request"," * @param {Object} connection - connection configuration object"," * @param {String} collection - collection name. appended to API pathname."," *                              For example, given the api `http://localhost:8080/api/v1`,"," *                              a collection named `user` will resolve to `http://localhost:8080/api/v1/user`."," * @param {Array<Object>} values - values of records to create."," * @param {Function} cb - function to call with query results."," */","Connection.create = function (connection, collection, values, cb) {","  var config = {},","    req,","    conn = {","      connection: connection,","      collection: collection,","      options: {},","      values: values","    };","  runBeforeHooks(req, 'create', config, conn, function (err, req) {","    if(err) {","      return cb(err);","    }","    return req.send(conn.values).end(getResponseHandler(conn.connection, cb));","  });","};","","/**"," * Update record(s) by issuing an HTTP PUT request."," * @param {Object} connection - connection configuration object"," * @param {String} collection - collection name. appended to API pathname."," *                              For example, given the api `http://localhost:8080/api/v1`,"," *                              a collection named `user` will resolve to `http://localhost:8080/api/v1/user`."," * @param {Object} options - query options object. contains query conditions (`where`), sort, limit etc. as per Waterline's API."," * @param {Array<Object>} values - values of records to create."," * @param {Function} cb - function to call with query results."," */","Connection.update = function (connection, collection, options, values, cb) {","  var config = {},","    req,","    conn = {","      connection: connection,","      collection: collection,","      options: options,","      values: values","    };","  runBeforeHooks(req, 'update', config, conn, function (err, req) {","    if(err) {","      return cb(err);","    }","    return req.query(conn.options).send(conn.values).end(getResponseHandler(conn.connection, cb));","  });","};","","/**"," * Destroy record(s) by issuing an HTTP DELETE request."," * @param {Object} connection - connection configuration object"," * @param {String} collection - collection name. appended to API pathname."," *                              For example, given the api `http://localhost:8080/api/v1`,"," *                              a collection named `user` will resolve to `http://localhost:8080/api/v1/user`."," * @param {Object} options - query options object. contains query conditions (`where`), sort, limit etc. as per Waterline's API."," * @param {Function} cb - function to call with query results."," */","Connection.destroy = function (connection, collection, options, cb) {","  var config = {},","    req,","    conn = {","      connection: connection,","      collection: collection,","      options: options,","      values: {}","    };","  runBeforeHooks(req, 'destroy', config, conn, function (err, req) {","    if(err) {","      return cb(err);","    }","    return req.query(conn.options).end(getResponseHandler(conn.connection, cb));","  });","};","","module.exports = Connection;"],"l":{"1":1,"27":1,"28":0,"30":0,"31":0,"32":0,"33":0,"35":0,"36":0,"37":0,"39":0,"42":0,"43":0,"45":0,"57":1,"58":0,"59":0,"68":1,"69":0,"70":0,"81":1,"82":0,"83":0,"84":0,"85":0,"86":0,"88":0,"99":1,"100":0,"101":0,"102":0,"104":0,"117":1,"118":0,"126":0,"127":0,"128":0,"130":0,"131":0,"132":0,"136":0,"137":0,"138":0,"141":0,"155":1,"156":0,"164":0,"165":0,"166":0,"168":0,"182":1,"183":0,"191":0,"192":0,"193":0,"195":0,"208":1,"209":0,"217":0,"218":0,"219":0,"221":0,"225":1}},"/home/travis/build/npmtest/node-npmtest-sails-rest/node_modules/sails-rest/lib/hooks.js":{"path":"/home/travis/build/npmtest/node-npmtest-sails-rest/node_modules/sails-rest/lib/hooks.js","s":{"1":1,"2":1,"3":0,"4":0,"5":0,"6":0,"7":0,"8":0,"9":1,"10":0,"11":0,"12":0,"13":0,"14":0,"15":1,"16":0,"17":0,"18":0,"19":1,"20":0,"21":0,"22":0,"23":0,"24":0,"25":0,"26":0,"27":1},"b":{"1":[0,0],"2":[0,0],"3":[0,0],"4":[0,0],"5":[0,0],"6":[0,0],"7":[0,0],"8":[0,0],"9":[0,0]},"f":{"1":0,"2":0,"3":0,"4":0,"5":0,"6":0},"fnMap":{"1":{"name":"removeWhereFromQuery","line":22,"loc":{"start":{"line":22,"column":0},"end":{"line":22,"column":60}}},"2":{"name":"createEndpoint","line":49,"loc":{"start":{"line":49,"column":0},"end":{"line":49,"column":54}}},"3":{"name":"castRecordDateFields","line":64,"loc":{"start":{"line":64,"column":0},"end":{"line":64,"column":38}}},"4":{"name":"(anonymous_4)","line":65,"loc":{"start":{"line":65,"column":20},"end":{"line":65,"column":42}}},"5":{"name":"processResponse","line":78,"loc":{"start":{"line":78,"column":0},"end":{"line":78,"column":38}}},"6":{"name":"(anonymous_6)","line":81,"loc":{"start":{"line":81,"column":23},"end":{"line":81,"column":39}}}},"statementMap":{"1":{"start":{"line":1,"column":0},"end":{"line":3,"column":122}},"2":{"start":{"line":22,"column":0},"end":{"line":30,"column":1}},"3":{"start":{"line":23,"column":2},"end":{"line":23,"column":17}},"4":{"start":{"line":24,"column":2},"end":{"line":28,"column":3}},"5":{"start":{"line":25,"column":4},"end":{"line":25,"column":31}},"6":{"start":{"line":26,"column":4},"end":{"line":26,"column":30}},"7":{"start":{"line":27,"column":4},"end":{"line":27,"column":48}},"8":{"start":{"line":29,"column":2},"end":{"line":29,"column":7}},"9":{"start":{"line":49,"column":0},"end":{"line":57,"column":1}},"10":{"start":{"line":50,"column":2},"end":{"line":55,"column":3}},"11":{"start":{"line":51,"column":4},"end":{"line":51,"column":107}},"12":{"start":{"line":52,"column":4},"end":{"line":52,"column":27}},"13":{"start":{"line":54,"column":4},"end":{"line":54,"column":83}},"14":{"start":{"line":56,"column":2},"end":{"line":56,"column":7}},"15":{"start":{"line":64,"column":0},"end":{"line":70,"column":1}},"16":{"start":{"line":65,"column":2},"end":{"line":69,"column":5}},"17":{"start":{"line":66,"column":4},"end":{"line":68,"column":5}},"18":{"start":{"line":67,"column":6},"end":{"line":67,"column":36}},"19":{"start":{"line":78,"column":0},"end":{"line":89,"column":1}},"20":{"start":{"line":79,"column":2},"end":{"line":87,"column":3}},"21":{"start":{"line":80,"column":4},"end":{"line":86,"column":5}},"22":{"start":{"line":81,"column":6},"end":{"line":83,"column":9}},"23":{"start":{"line":82,"column":8},"end":{"line":82,"column":35}},"24":{"start":{"line":84,"column":11},"end":{"line":86,"column":5}},"25":{"start":{"line":85,"column":6},"end":{"line":85,"column":37}},"26":{"start":{"line":88,"column":2},"end":{"line":88,"column":7}},"27":{"start":{"line":91,"column":0},"end":{"line":94,"column":2}}},"branchMap":{"1":{"line":24,"type":"if","locations":[{"start":{"line":24,"column":2},"end":{"line":24,"column":2}},{"start":{"line":24,"column":2},"end":{"line":24,"column":2}}]},"2":{"line":24,"type":"binary-expr","locations":[{"start":{"line":24,"column":5},"end":{"line":24,"column":29}},{"start":{"line":24,"column":33},"end":{"line":24,"column":69}}]},"3":{"line":50,"type":"if","locations":[{"start":{"line":50,"column":2},"end":{"line":50,"column":2}},{"start":{"line":50,"column":2},"end":{"line":50,"column":2}}]},"4":{"line":50,"type":"binary-expr","locations":[{"start":{"line":50,"column":5},"end":{"line":50,"column":29}},{"start":{"line":50,"column":33},"end":{"line":50,"column":66}}]},"5":{"line":66,"type":"if","locations":[{"start":{"line":66,"column":4},"end":{"line":66,"column":4}},{"start":{"line":66,"column":4},"end":{"line":66,"column":4}}]},"6":{"line":66,"type":"binary-expr","locations":[{"start":{"line":66,"column":7},"end":{"line":66,"column":24}},{"start":{"line":66,"column":28},"end":{"line":66,"column":43}}]},"7":{"line":79,"type":"if","locations":[{"start":{"line":79,"column":2},"end":{"line":79,"column":2}},{"start":{"line":79,"column":2},"end":{"line":79,"column":2}}]},"8":{"line":80,"type":"if","locations":[{"start":{"line":80,"column":4},"end":{"line":80,"column":4}},{"start":{"line":80,"column":4},"end":{"line":80,"column":4}}]},"9":{"line":84,"type":"if","locations":[{"start":{"line":84,"column":11},"end":{"line":84,"column":11}},{"start":{"line":84,"column":11},"end":{"line":84,"column":11}}]}},"code":["var url = require('url'),","    _ = require('lodash'),","    iso = /^(\\d{4})(?:-?W(\\d+)(?:-?(\\d+)D?)?|(?:-(\\d+))?-(\\d+))(?:[T ](\\d+):(\\d+)(?::(\\d+)(?:\\.(\\d+))?)?)?(?:Z(-?\\d*))?$/;","","/**"," * Cleans query options object from Waterline-specific `where` object, by moving `where` values to main query options object."," * For example, given the query options object `{where:{firstName: \"Tedd\"}, limit: 1}, this function will modify the query options"," * object to {firstName: \"Tedd\", limit: 1}"," *"," * @param {Request} req - SuperAgent HTTP Request object"," * @param {String}  method - HTTP request method"," * @param {Object}  config - configuration object used to hold request-specific configuration. this is used to avoid polluting the connection's own configuration object."," * @param {Object}  conn - connection configuration object:"," *    - {Object} connection - Waterline connection configuration object"," *    - {String} collection - collection name. appended to API pathname."," *                            For example, given the api `http://localhost:8080/api/v1`,"," *                            a collection named `user` will resolve to `http://localhost:8080/api/v1/user`."," *    - {Object} options - query options object. contains query conditions (`where`), sort, limit etc. as per Waterline's API."," *    - {Array<Object>} values - values of records to create."," * @param {Function} cb - function that is called when this hook finishes"," */","function removeWhereFromQuery(req, method, config, conn, cb){","  var query = {};","  if(_.isObject(conn.options) && conn.options.hasOwnProperty('where')){","    query = conn.options.where;","    delete conn.options.where;","    conn.options = _.merge(conn.options, query);","  }","  cb();","}","","/**"," * Createn an HTTP request URL from connection configuration, collection name and query options object."," * If query options object contains an `id` field, the HTTP URL will be formatted as proto://pathname/collection/id."," * Otherwise the HTTP URL will be formatted as proto://pathname/collection."," *"," * @param {Request} req - SuperAgent HTTP Request object"," * @param {String}  method - HTTP request method"," * @param {Object}  config - configuration object used to hold request-specific configuration. this is used to avoid polluting the connection's own configuration object."," * @param {Object}  conn - connection configuration object:"," *    - {Object} connection - Waterline connection configuration object"," *    - {String} collection - collection name. appended to API pathname."," *                            For example, given the api `http://localhost:8080/api/v1`,"," *                            a collection named `user` will resolve to `http://localhost:8080/api/v1/user`."," *    - {Object} options - query options object. contains query conditions (`where`), sort, limit etc. as per Waterline's API."," *    - {Array<Object>} values - values of records to create."," * @param {Function} cb - function that is called when this hook finishes"," */","function createEndpoint(req, method, config, conn, cb){","  if(_.isObject(conn.options) && conn.options.hasOwnProperty('id')){","    config.endpoint = url.resolve(conn.connection.endpoint + '/', conn.collection + '/' + conn.options.id);","    delete conn.options.id;","  } else {","    config.endpoint = url.resolve(conn.connection.endpoint + '/', conn.collection);","  }","  cb();","}","","/**"," * Convert ISO formatted strings on response object into Javascript Date objects."," * Used to cast date fields returned from HTTP response into their correct Date type."," * @param {Object} record - response record object to process."," */","function castRecordDateFields(record) {","  _.forEach(record, function (value, key) {","    if(_.isString(value) && iso.test(value)){","      record[key] = new Date(value);","    }","  });","}","","/**"," * Process HTTP response. Converts response objects date fields from Strings to Dates."," * @param {Error} err - HTTP response error"," * @param {Response} res - SuperAgent HTTP Response object"," * @param {Function} cb - function that is called when this hook finishes"," */","function processResponse(err, res, cb){","  if(!err) {","    if(Array.isArray(res.body)){","      res.body.forEach(function (body) {","        castRecordDateFields(body);","      });","    } else if (_.isObject(res.body)) {","      castRecordDateFields(res.body);","    }","  }","  cb();","}","","module.exports = {","  before: [removeWhereFromQuery, createEndpoint],","  after: [processResponse]","};"],"l":{"1":1,"22":1,"23":0,"24":0,"25":0,"26":0,"27":0,"29":0,"49":1,"50":0,"51":0,"52":0,"54":0,"56":0,"64":1,"65":0,"66":0,"67":0,"78":1,"79":0,"80":0,"81":0,"82":0,"84":0,"85":0,"88":0,"91":1}}}